<?xml version="1.0" encoding="UTF-8"?>
<!-- Generated by org.testng.reporters.JUnitXMLReporter -->
<testsuite hostname="LAPTOP-88M4IBUJ" name="TestCase1" tests="1" failures="1" timestamp="21 Nov 2021 14:23:28 GMT" time="14.381" errors="0">
  <testcase name="logintest" time="7.305" classname="com.mindtree.pageobject.HomePage">
    <failure type="java.lang.NullPointerException">
      <![CDATA[java.lang.NullPointerException
	at com.mindtree.uistore.SigninPageDetails.getTestData(SigninPageDetails.java:28)
	at com.mindtree.pageobject.HomePage.logintest(HomePage.java:38)
... Removed 24 stack frames]]>
    </failure>
  </testcase> <!-- logintest -->
</testsuite> <!-- TestCase1 -->
